c:\users\hallgato\documents\visual studio 2019\coursematerials_2021_2022_ii\helloworld\helloworld\debug\vc142.pdb
c:\users\hallgato\documents\visual studio 2019\coursematerials_2021_2022_ii\helloworld\helloworld\debug\vc142.idb
c:\users\hallgato\documents\visual studio 2019\coursematerials_2021_2022_ii\helloworld\helloworld\debug\main.obj
d:\docs\oktatas\progc\laci\helloworld\helloworld\debug\vc142.pdb
d:\docs\oktatas\progc\laci\helloworld\helloworld\debug\vc142.idb
d:\docs\oktatas\progc\laci\helloworld\helloworld\debug\main.obj
c:\users\hallgato\documents\visual studio 2019\coursematerials_2021_2022_ii\helloworld\debug\helloworld.exe
c:\users\hallgato\documents\visual studio 2019\coursematerials_2021_2022_ii\helloworld\debug\helloworld.ilk
c:\users\hallgato\documents\visual studio 2019\coursematerials_2021_2022_ii\helloworld\debug\helloworld.pdb
d:\docs\oktatas\progc\laci\helloworld\helloworld\debug\helloworld.ilk
d:\docs\oktatas\progc\laci\helloworld\debug\helloworld.exe
d:\docs\oktatas\progc\laci\helloworld\debug\helloworld.pdb
c:\users\lindenmaier lászló\documents\lindenlaci\oktatas\prog_c_matlab\c\materials\01\helloworld\helloworld\debug\main.obj
c:\users\lindenmaier lászló\documents\lindenlaci\oktatas\prog_c_matlab\c\materials\01\helloworld\helloworld\debug\helloworld.ilk
c:\users\lindenmaier lászló\documents\lindenlaci\oktatas\prog_c_matlab\c\materials\01\helloworld\helloworld\debug\vc142.idb
c:\users\lindenmaier lászló\documents\lindenlaci\oktatas\prog_c_matlab\c\materials\01\helloworld\helloworld\debug\vc142.pdb
c:\users\lindenmaier lászló\documents\lindenlaci\oktatas\prog_c_matlab\c\materials\01\helloworld\debug\helloworld.pdb
c:\users\lindenmaier lászló\documents\lindenlaci\oktatas\prog_c_matlab\c\materials\01\helloworld\debug\helloworld.exe
c:\users\lindenmaier lászló\documents\lindenlaci\oktatas\prog_c_matlab\c\materials\01\helloworld\debug\helloworld.ilk
c:\users\lindenmaier lászló\documents\lindenlaci\oktatas\prog_c_matlab\c\materials\01\helloworld\helloworld\debug\helloworld.tlog\cl.command.1.tlog
c:\users\lindenmaier lászló\documents\lindenlaci\oktatas\prog_c_matlab\c\materials\01\helloworld\helloworld\debug\helloworld.tlog\cl.read.1.tlog
c:\users\lindenmaier lászló\documents\lindenlaci\oktatas\prog_c_matlab\c\materials\01\helloworld\helloworld\debug\helloworld.tlog\cl.write.1.tlog
c:\users\lindenmaier lászló\documents\lindenlaci\oktatas\prog_c_matlab\c\materials\01\helloworld\helloworld\debug\helloworld.tlog\link.command.1.tlog
c:\users\lindenmaier lászló\documents\lindenlaci\oktatas\prog_c_matlab\c\materials\01\helloworld\helloworld\debug\helloworld.tlog\link.read.1.tlog
c:\users\lindenmaier lászló\documents\lindenlaci\oktatas\prog_c_matlab\c\materials\01\helloworld\helloworld\debug\helloworld.tlog\link.write.1.tlog
